<?xml version="1.0" encoding="UTF-8"?>
<!-- Generated by org.testng.reporters.JUnitReportReporter -->
<testsuite skipped="0" hostname="DESKTOP-UUTUU8G" name="bac_pack.Sorting_functionality" tests="1" failures="0" timestamp="04 Sep 2019 04:26:11 GMT" time="330.878" errors="0">
  <testcase name="getlist" time="330.878" classname="bac_pack.Sorting_functionality"/>
</testsuite> <!-- bac_pack.Sorting_functionality -->
