<?xml version="1.0" encoding="UTF-8"?>
<!-- Generated by org.testng.reporters.JUnitReportReporter -->
<testsuite skipped="0" hostname="DESKTOP-UUTUU8G" name="bac_pack.Customer_Module" tests="1" failures="0" timestamp="03 Sep 2019 12:14:53 GMT" time="91.998" errors="0">
  <testcase name="testSearchfunctionality" time="91.998" classname="bac_pack.Customer_Module"/>
</testsuite> <!-- bac_pack.Customer_Module -->
