<?xml version="1.0" encoding="UTF-8"?>
<!-- Generated by org.testng.reporters.JUnitReportReporter -->
<testsuite skipped="0" hostname="DESKTOP-UUTUU8G" name="bac_pack.Login_Functionality" tests="2" failures="0" timestamp="28 Aug 2019 09:02:43 GMT" time="73.157" errors="0">
  <testcase name="loginvalidation" time="27.556" classname="bac_pack.Login_Functionality"/>
  <testcase name="loginvalidation" time="45.601" classname="bac_pack.Login_Functionality"/>
</testsuite> <!-- bac_pack.Login_Functionality -->
