<?xml version="1.0" encoding="UTF-8"?>
<!-- Generated by org.testng.reporters.JUnitReportReporter -->
<testsuite skipped="0" hostname="DESKTOP-UUTUU8G" name="bac_pack.Common_Functionalities" tests="1" failures="0" timestamp="29 Aug 2019 12:20:41 GMT" time="65.962" errors="0">
  <testcase name="search" time="65.962" classname="bac_pack.Common_Functionalities"/>
</testsuite> <!-- bac_pack.Common_Functionalities -->
