<?xml version="1.0" encoding="UTF-8"?>
<!-- Generated by org.testng.reporters.JUnitReportReporter -->
<testsuite skipped="0" hostname="DESKTOP-UUTUU8G" name="bac_pack.Login_Roles" tests="3" failures="0" timestamp="25 Jun 2019 07:01:52 GMT" time="39.404" errors="0">
  <testcase name="loginvalidation" time="14.515" classname="bac_pack.Login_Roles"/>
  <testcase name="loginvalidation" time="16.042" classname="bac_pack.Login_Roles"/>
  <testcase name="Login_Tagwritervalidation" time="8.847" classname="bac_pack.Login_Roles"/>
</testsuite> <!-- bac_pack.Login_Roles -->
