<?xml version="1.0" encoding="UTF-8"?>
<!-- Generated by org.testng.reporters.JUnitReportReporter -->
<testsuite skipped="0" hostname="DESKTOP-UUTUU8G" name="bac_pack.Login_Functionality" tests="2" failures="0" timestamp="30 Aug 2019 09:31:34 GMT" time="46.478" errors="0">
  <testcase name="loginvalidation" time="30.495" classname="bac_pack.Login_Functionality"/>
  <testcase name="loginvalidation" time="15.983" classname="bac_pack.Login_Functionality"/>
</testsuite> <!-- bac_pack.Login_Functionality -->
