<?xml version="1.0" encoding="UTF-8"?>
<!-- Generated by org.testng.reporters.JUnitReportReporter -->
<testsuite skipped="0" hostname="DESKTOP-UUTUU8G" name="bac_pack.Sorting_functionality" tests="1" failures="0" timestamp="30 Aug 2019 09:31:34 GMT" time="343.354" errors="0">
  <testcase name="getlist" time="343.354" classname="bac_pack.Sorting_functionality"/>
</testsuite> <!-- bac_pack.Sorting_functionality -->
