<?xml version="1.0" encoding="UTF-8"?>
<!-- Generated by org.testng.reporters.JUnitReportReporter -->
<testsuite skipped="0" hostname="DESKTOP-UUTUU8G" name="bac_pack.Customer_Module" tests="1" failures="0" timestamp="28 Jun 2019 11:36:00 GMT" time="54.807" errors="0">
  <testcase name="testSearchfunctionality" time="54.807" classname="bac_pack.Customer_Module"/>
</testsuite> <!-- bac_pack.Customer_Module -->
