<?xml version="1.0" encoding="UTF-8"?>
<!-- Generated by org.testng.reporters.JUnitReportReporter -->
<testsuite skipped="0" hostname="DESKTOP-UUTUU8G" name="bac_pack.Login_Functionality" tests="2" failures="0" timestamp="04 Sep 2019 04:26:11 GMT" time="43.471" errors="0">
  <testcase name="loginvalidation" time="19.289" classname="bac_pack.Login_Functionality"/>
  <testcase name="loginvalidation" time="24.182" classname="bac_pack.Login_Functionality"/>
</testsuite> <!-- bac_pack.Login_Functionality -->
