<?xml version="1.0" encoding="UTF-8"?>
<!-- Generated by org.testng.reporters.JUnitReportReporter -->
<testsuite skipped="0" hostname="DESKTOP-UUTUU8G" name="bac_pack.single_filter" tests="1" failures="0" timestamp="26 Aug 2019 10:35:40 GMT" time="63.759" errors="0">
  <testcase name="singlefilter" time="63.759" classname="bac_pack.single_filter"/>
</testsuite> <!-- bac_pack.single_filter -->
