<?xml version="1.0" encoding="UTF-8"?>
<!-- Generated by org.testng.reporters.JUnitReportReporter -->
<testsuite skipped="0" hostname="DESKTOP-UUTUU8G" name="bac_pack.Login_Functionality" tests="2" failures="0" timestamp="29 Aug 2019 12:20:41 GMT" time="43.444" errors="0">
  <testcase name="loginvalidation" time="21.492" classname="bac_pack.Login_Functionality"/>
  <testcase name="loginvalidation" time="21.952" classname="bac_pack.Login_Functionality"/>
</testsuite> <!-- bac_pack.Login_Functionality -->
