<?xml version="1.0" encoding="UTF-8"?>
<!-- Generated by org.testng.reporters.JUnitReportReporter -->
<testsuite skipped="0" hostname="DESKTOP-UUTUU8G" name="bac_pack.Common_Functionalities" tests="1" failures="0" timestamp="04 Sep 2019 04:26:11 GMT" time="184.403" errors="0">
  <testcase name="search" time="184.403" classname="bac_pack.Common_Functionalities"/>
</testsuite> <!-- bac_pack.Common_Functionalities -->
